ARM GAS  /tmp/cc4fuuxH.s 			page 1


   1              		.cpu cortex-m4
   2              		.arch armv7e-m
   3              		.fpu fpv4-sp-d16
   4              		.eabi_attribute 27, 1
   5              		.eabi_attribute 28, 1
   6              		.eabi_attribute 20, 1
   7              		.eabi_attribute 21, 1
   8              		.eabi_attribute 23, 3
   9              		.eabi_attribute 24, 1
  10              		.eabi_attribute 25, 1
  11              		.eabi_attribute 26, 1
  12              		.eabi_attribute 30, 1
  13              		.eabi_attribute 34, 1
  14              		.eabi_attribute 18, 4
  15              		.file	"tinyTasks_port.c"
  16              		.text
  17              	.Ltext0:
  18              		.cfi_sections	.debug_frame
  19              		.section	.text.tinyTask_printMsg,"ax",%progbits
  20              		.align	1
  21              		.global	tinyTask_printMsg
  22              		.syntax unified
  23              		.thumb
  24              		.thumb_func
  26              	tinyTask_printMsg:
  27              	.LVL0:
  28              	.LFB137:
  29              		.file 1 "tinyTasks/src/tinyTasks_port.c"
   1:tinyTasks/src/tinyTasks_port.c **** #include "tinyKernel.h"
   2:tinyTasks/src/tinyTasks_port.c **** #include "tinyTasksPort.h"
   3:tinyTasks/src/tinyTasks_port.c **** extern void printMsg(char *msg, ...);
   4:tinyTasks/src/tinyTasks_port.c **** 
   5:tinyTasks/src/tinyTasks_port.c **** void tinyTask_printMsg(char *msg, ...)
   6:tinyTasks/src/tinyTasks_port.c **** {	
  30              		.loc 1 6 1 view -0
  31              		.cfi_startproc
  32              		@ args = 4, pretend = 16, frame = 0
  33              		@ frame_needed = 0, uses_anonymous_args = 1
  34              		.loc 1 6 1 is_stmt 0 view .LVU1
  35 0000 0FB4     		push	{r0, r1, r2, r3}
  36              	.LCFI0:
  37              		.cfi_def_cfa_offset 16
  38              		.cfi_offset 0, -16
  39              		.cfi_offset 1, -12
  40              		.cfi_offset 2, -8
  41              		.cfi_offset 3, -4
  42 0002 08B5     		push	{r3, lr}
  43              	.LCFI1:
  44              		.cfi_def_cfa_offset 24
  45              		.cfi_offset 3, -24
  46              		.cfi_offset 14, -20
   7:tinyTasks/src/tinyTasks_port.c ****     printMsg(msg);
  47              		.loc 1 7 5 is_stmt 1 view .LVU2
  48 0004 0298     		ldr	r0, [sp, #8]
  49 0006 FFF7FEFF 		bl	printMsg
  50              	.LVL1:
   8:tinyTasks/src/tinyTasks_port.c **** }
ARM GAS  /tmp/cc4fuuxH.s 			page 2


  51              		.loc 1 8 1 is_stmt 0 view .LVU3
  52 000a BDE80840 		pop	{r3, lr}
  53              	.LCFI2:
  54              		.cfi_restore 14
  55              		.cfi_restore 3
  56              		.cfi_def_cfa_offset 16
  57 000e 04B0     		add	sp, sp, #16
  58              	.LCFI3:
  59              		.cfi_restore 3
  60              		.cfi_restore 2
  61              		.cfi_restore 1
  62              		.cfi_restore 0
  63              		.cfi_def_cfa_offset 0
  64 0010 7047     		bx	lr
  65              		.cfi_endproc
  66              	.LFE137:
  68              		.text
  69              	.Letext0:
ARM GAS  /tmp/cc4fuuxH.s 			page 3


DEFINED SYMBOLS
                            *ABS*:0000000000000000 tinyTasks_port.c
     /tmp/cc4fuuxH.s:20     .text.tinyTask_printMsg:0000000000000000 $t
     /tmp/cc4fuuxH.s:26     .text.tinyTask_printMsg:0000000000000000 tinyTask_printMsg

UNDEFINED SYMBOLS
printMsg
